social.are
rom.are
help.are
ofcol2.are
shire.are
midgaard.are
immort.are
plains.are
air.are
arachnos.are
haon.are
astral.are
canyon.are
catacomb.are
chapel.are
daycare.are
draconia.are
dream.are
drow.are
thalos.are
dwarven.are
dylan.are
eastern.are
galaxy.are
gnome.are
grove.are
hitower.are
hood.are
limbo.are
mahntor.are
mega1.are
midennir.are
mirror.are
mobfact.are
moria.are
newthalos.are
nirvana.are
ofcol.are
olympus.are
pyramid.are
quifael.are
sewer.are
redferne.are
school.are
smurf.are
tohell.are
trollden.are
valley.are
wyvern.are
pkarena.are
grave.are
plrend.are
clanr.are
evildead.are
honcirc.are
questor.are
herdoom.are
mervin.are
smithing.are
golem.are
dtemple.are
drakyri.are
divsouls.are
fanatics.are
titan.are
fire.are
enrel.are
xanth.are
viceroy.are
avengers.are
fortitud.are
dthmnky.are
mystery.are
phoenix.are
demonic.are
twil.are
advent.are
lava.are
darkness.are
crysvil.are
dthstlkr.are
losttemp.are
weepisle.are
chasm.are
aminrah.are
cathlite.are
forsaken.are
elvforst.are
$
